# JRE version: OpenJDK Runtime Environment (17.0.2+8) (build 17.0.2+8-86)
# Java VM: OpenJDK 64-Bit Server VM (17.0.2+8-86, mixed mode, sharing, tiered, compressed oops, compressed class ptrs, g1 gc, windows-amd64)
GC Precious Log:
 CPUs: 16 total, 16 available
 Memory: 7545M
 Large Page Support: Disabled
 NUMA Support: Disabled
 Compressed Oops: Enabled (32-bit)
 Heap Region Size: 1M
 Heap Min Capacity: 8M
 Heap Initial Capacity: 118M
 Heap Max Capacity: 1888M
 Pre-touch: Disabled
 Parallel Workers: 13
 Concurrent Workers: 3
 Concurrent Refinement Workers: 13
 Periodic GC: Disabled
Heap:
 garbage-first heap   total 78848K, used 59789K [0x000000008a000000, 0x0000000100000000)
  region size 1024K, 20 young (20480K), 1 survivors (1024K)
 Metaspace       used 87407K, committed 88192K, reserved 1130496K
  class space    used 11746K, committed 12096K, reserved 1048576K
GC Heap History (20 events):
Event: 102.976 GC heap before
{Heap before GC invocations=43 (full 0):
 garbage-first heap   total 78848K, used 43943K [0x000000008a000000, 0x0000000100000000)
  region size 1024K, 3 young (3072K), 1 survivors (1024K)
 Metaspace       used 86898K, committed 87680K, reserved 1130496K
  class space    used 11744K, committed 12096K, reserved 1048576K
}
Event: 102.983 GC heap after
{Heap after GC invocations=44 (full 0):
 garbage-first heap   total 78848K, used 41576K [0x000000008a000000, 0x0000000100000000)
  region size 1024K, 1 young (1024K), 1 survivors (1024K)
 Metaspace       used 86898K, committed 87680K, reserved 1130496K
  class space    used 11744K, committed 12096K, reserved 1048576K
}
Event: 124.987 GC heap before
{Heap before GC invocations=44 (full 0):
 garbage-first heap   total 78848K, used 63080K [0x000000008a000000, 0x0000000100000000)
  region size 1024K, 22 young (22528K), 1 survivors (1024K)
 Metaspace       used 86977K, committed 87744K, reserved 1130496K
  class space    used 11744K, committed 12096K, reserved 1048576K
}
Event: 124.989 GC heap after
{Heap after GC invocations=45 (full 0):
 garbage-first heap   total 78848K, used 41641K [0x000000008a000000, 0x0000000100000000)
  region size 1024K, 1 young (1024K), 1 survivors (1024K)
 Metaspace       used 86977K, committed 87744K, reserved 1130496K
  class space    used 11744K, committed 12096K, reserved 1048576K
}
Event: 149.007 GC heap before
{Heap before GC invocations=46 (full 0):
 garbage-first heap   total 78848K, used 64169K [0x000000008a000000, 0x0000000100000000)
  region size 1024K, 23 young (23552K), 1 survivors (1024K)
 Metaspace       used 87087K, committed 87872K, reserved 1130496K
  class space    used 11744K, committed 12096K, reserved 1048576K
}
Event: 149.009 GC heap after
{Heap after GC invocations=47 (full 0):
 garbage-first heap   total 78848K, used 41558K [0x000000008a000000, 0x0000000100000000)
  region size 1024K, 1 young (1024K), 1 survivors (1024K)
 Metaspace       used 87087K, committed 87872K, reserved 1130496K
  class space    used 11744K, committed 12096K, reserved 1048576K
}
Event: 151.010 GC heap before
{Heap before GC invocations=47 (full 0):
 garbage-first heap   total 78848K, used 43606K [0x000000008a000000, 0x0000000100000000)
  region size 1024K, 3 young (3072K), 1 survivors (1024K)
 Metaspace       used 87107K, committed 87872K, reserved 1130496K
  class space    used 11744K, committed 12096K, reserved 1048576K
}
Event: 151.013 GC heap after
{Heap after GC invocations=48 (full 0):
 garbage-first heap   total 78848K, used 41324K [0x000000008a000000, 0x0000000100000000)
  region size 1024K, 1 young (1024K), 1 survivors (1024K)
 Metaspace       used 87107K, committed 87872K, reserved 1130496K
  class space    used 11744K, committed 12096K, reserved 1048576K
}
Event: 176.019 GC heap before
{Heap before GC invocations=48 (full 0):
 garbage-first heap   total 78848K, used 64876K [0x000000008a000000, 0x0000000100000000)
  region size 1024K, 24 young (24576K), 1 survivors (1024K)
 Metaspace       used 87199K, committed 88000K, reserved 1130496K
  class space    used 11744K, committed 12096K, reserved 1048576K
}
Event: 176.022 GC heap after
{Heap after GC invocations=49 (full 0):
 garbage-first heap   total 78848K, used 41273K [0x000000008a000000, 0x0000000100000000)
  region size 1024K, 1 young (1024K), 1 survivors (1024K)
 Metaspace       used 87199K, committed 88000K, reserved 1130496K
  class space    used 11744K, committed 12096K, reserved 1048576K
}
Event: 202.030 GC heap before
{Heap before GC invocations=50 (full 0):
 garbage-first heap   total 78848K, used 65849K [0x000000008a000000, 0x0000000100000000)
  region size 1024K, 25 young (25600K), 1 survivors (1024K)
 Metaspace       used 87240K, committed 88000K, reserved 1130496K
  class space    used 11745K, committed 12096K, reserved 1048576K
}
Event: 202.034 GC heap after
{Heap after GC invocations=51 (full 0):
 garbage-first heap   total 78848K, used 41289K [0x000000008a000000, 0x0000000100000000)
  region size 1024K, 1 young (1024K), 1 survivors (1024K)
 Metaspace       used 87240K, committed 88000K, reserved 1130496K
  class space    used 11745K, committed 12096K, reserved 1048576K
}
Event: 228.030 GC heap before
{Heap before GC invocations=51 (full 0):
 garbage-first heap   total 78848K, used 65865K [0x000000008a000000, 0x0000000100000000)
  region size 1024K, 25 young (25600K), 1 survivors (1024K)
 Metaspace       used 87268K, committed 88064K, reserved 1130496K
  class space    used 11746K, committed 12096K, reserved 1048576K
}
Event: 228.033 GC heap after
{Heap after GC invocations=52 (full 0):
 garbage-first heap   total 78848K, used 41318K [0x000000008a000000, 0x0000000100000000)
  region size 1024K, 1 young (1024K), 1 survivors (1024K)
 Metaspace       used 87268K, committed 88064K, reserved 1130496K
  class space    used 11746K, committed 12096K, reserved 1048576K
}
Event: 255.034 GC heap before
{Heap before GC invocations=53 (full 0):
 garbage-first heap   total 78848K, used 66918K [0x000000008a000000, 0x0000000100000000)
  region size 1024K, 26 young (26624K), 1 survivors (1024K)
 Metaspace       used 87335K, committed 88064K, reserved 1130496K
  class space    used 11746K, committed 12096K, reserved 1048576K
}
Event: 255.038 GC heap after
{Heap after GC invocations=54 (full 0):
 garbage-first heap   total 78848K, used 41400K [0x000000008a000000, 0x0000000100000000)
  region size 1024K, 1 young (1024K), 1 survivors (1024K)
 Metaspace       used 87335K, committed 88064K, reserved 1130496K
  class space    used 11746K, committed 12096K, reserved 1048576K
}
Event: 282.033 GC heap before
{Heap before GC invocations=54 (full 0):
 garbage-first heap   total 78848K, used 67000K [0x000000008a000000, 0x0000000100000000)
  region size 1024K, 26 young (26624K), 1 survivors (1024K)
 Metaspace       used 87390K, committed 88128K, reserved 1130496K
  class space    used 11746K, committed 12096K, reserved 1048576K
}
Event: 282.036 GC heap after
{Heap after GC invocations=55 (full 0):
 garbage-first heap   total 78848K, used 41322K [0x000000008a000000, 0x0000000100000000)
  region size 1024K, 1 young (1024K), 1 survivors (1024K)
 Metaspace       used 87390K, committed 88128K, reserved 1130496K
  class space    used 11746K, committed 12096K, reserved 1048576K
}
Event: 310.033 GC heap before
{Heap before GC invocations=56 (full 0):
 garbage-first heap   total 78848K, used 66922K [0x000000008a000000, 0x0000000100000000)
  region size 1024K, 26 young (26624K), 1 survivors (1024K)
 Metaspace       used 87407K, committed 88192K, reserved 1130496K
  class space    used 11746K, committed 12096K, reserved 1048576K
}
Event: 310.036 GC heap after
{Heap after GC invocations=57 (full 0):
 garbage-first heap   total 78848K, used 41357K [0x000000008a000000, 0x0000000100000000)
  region size 1024K, 1 young (1024K), 1 survivors (1024K)
 Metaspace       used 87407K, committed 88192K, reserved 1130496K
  class space    used 11746K, committed 12096K, reserved 1048576K
}

